Running BrowserMob Proxy using LittleProxy implementation. To revert to the legacy implementation, run the proxy with the command-line option '--use-littleproxy false'.
WARNING: An illegal reflective access operation has occurred
WARNING: Illegal reflective access by com.google.inject.internal.cglib.core.$ReflectUtils$2 (file:/C:/Users/chaus/AppData/Local/Programs/Python/Python312/Lib/site-packages/browsermobproxy/browsermob-proxy-2.1.4/lib/browsermob-dist-2.1.4.jar) to method java.lang.ClassLoader.defineClass(java.lang.String,byte[],int,int,java.security.ProtectionDomain)
WARNING: Please consider reporting this to the maintainers of com.google.inject.internal.cglib.core.$ReflectUtils$2
WARNING: Use --illegal-access=warn to enable warnings of further illegal reflective access operations
WARNING: All illegal access operations will be denied in a future release
[INFO  2023-11-19T10:33:52,715 net.lightbody.bmp.proxy.Main] (main) Starting BrowserMob Proxy version 2.1.4 
[INFO  2023-11-19T10:33:52,848 org.eclipse.jetty.util.log] (main) jetty-7.x.y-SNAPSHOT 
[INFO  2023-11-19T10:33:53,500 org.eclipse.jetty.util.log] (main) started o.e.j.s.ServletContextHandler{/,null} 
[INFO  2023-11-19T10:33:53,669 org.eclipse.jetty.util.log] (main) Started SelectChannelConnector@0.0.0.0:8080 
[INFO  2023-11-19T10:33:54,884 org.littleshoot.proxy.impl.DefaultHttpProxyServer] (qtp896134613-28) Starting proxy at address: 0.0.0.0/0.0.0.0:8081 
[INFO  2023-11-19T10:33:54,935 org.littleshoot.proxy.impl.DefaultHttpProxyServer] (qtp896134613-28) Proxy listening with TCP transport 
[INFO  2023-11-19T10:33:55,475 org.littleshoot.proxy.impl.DefaultHttpProxyServer] (qtp896134613-28) Proxy started at address: /0:0:0:0:0:0:0:0:8081 
[INFO  2023-11-19T10:34:02,214 org.littleshoot.proxy.impl.ClientToProxyConnection] (LittleProxy-0-ClientToProxyWorker-0) (AWAITING_INITIAL) [id: 0xafd6cc40, L:/0:0:0:0:0:0:0:1:8081 - R:/0:0:0:0:0:0:0:1:49943]: Bad Host http://byteoversea.com/ 
[WARN  2023-11-19T10:34:02,923 net.lightbody.bmp.mitm.util.SslUtil] (LittleProxy-0-ClientToProxyWorker-2) Disabling upstream server certificate verification. This will allow attackers to intercept communications with upstream servers. 
[INFO  2023-11-19T10:34:07,651 org.littleshoot.proxy.impl.ClientToProxyConnection] (LittleProxy-0-ClientToProxyWorker-2) (AWAITING_INITIAL) [id: 0x9d098849, L:/0:0:0:0:0:0:0:1:8081 - R:/0:0:0:0:0:0:0:1:49953]: An IOException occurred on ClientToProxyConnection: An existing connection was forcibly closed by the remote host 
[INFO  2023-11-19T10:34:07,651 org.littleshoot.proxy.impl.ClientToProxyConnection] (LittleProxy-0-ClientToProxyWorker-4) (AWAITING_INITIAL) [id: 0xdef09982, L:/0:0:0:0:0:0:0:1:8081 - R:/0:0:0:0:0:0:0:1:49960]: An IOException occurred on ClientToProxyConnection: An existing connection was forcibly closed by the remote host 
[INFO  2023-11-19T10:34:07,651 org.littleshoot.proxy.impl.ClientToProxyConnection] (LittleProxy-0-ClientToProxyWorker-6) (AWAITING_INITIAL) [id: 0xbba72458, L:/0:0:0:0:0:0:0:1:8081 - R:/0:0:0:0:0:0:0:1:49962]: An IOException occurred on ClientToProxyConnection: An existing connection was forcibly closed by the remote host 
[INFO  2023-11-19T10:34:07,651 org.littleshoot.proxy.impl.ClientToProxyConnection] (LittleProxy-0-ClientToProxyWorker-3) (AWAITING_INITIAL) [id: 0x86086320, L:/0:0:0:0:0:0:0:1:8081 - R:/0:0:0:0:0:0:0:1:49957]: An IOException occurred on ClientToProxyConnection: An existing connection was forcibly closed by the remote host 
[INFO  2023-11-19T10:34:07,651 org.littleshoot.proxy.impl.ClientToProxyConnection] (LittleProxy-0-ClientToProxyWorker-5) (AWAITING_INITIAL) [id: 0x609765b1, L:/0:0:0:0:0:0:0:1:8081 - R:/0:0:0:0:0:0:0:1:49961]: An IOException occurred on ClientToProxyConnection: An existing connection was forcibly closed by the remote host 
[INFO  2023-11-19T10:34:07,652 org.littleshoot.proxy.impl.ClientToProxyConnection] (LittleProxy-0-ClientToProxyWorker-7) (AWAITING_INITIAL) [id: 0x6be22dd5, L:/0:0:0:0:0:0:0:1:8081 - R:/0:0:0:0:0:0:0:1:49963]: An IOException occurred on ClientToProxyConnection: An existing connection was forcibly closed by the remote host 
[INFO  2023-11-19T10:34:07,652 org.littleshoot.proxy.impl.ClientToProxyConnection] (LittleProxy-0-ClientToProxyWorker-1) (AWAITING_INITIAL) [id: 0xa4156b19, L:/0:0:0:0:0:0:0:1:8081 - R:/0:0:0:0:0:0:0:1:49965]: An IOException occurred on ClientToProxyConnection: An existing connection was forcibly closed by the remote host 
[INFO  2023-11-19T10:34:07,652 org.littleshoot.proxy.impl.ClientToProxyConnection] (LittleProxy-0-ClientToProxyWorker-0) (AWAITING_INITIAL) [id: 0x90c160c0, L:/0:0:0:0:0:0:0:1:8081 - R:/0:0:0:0:0:0:0:1:49964]: An IOException occurred on ClientToProxyConnection: An existing connection was forcibly closed by the remote host 
[INFO  2023-11-19T10:34:07,656 org.littleshoot.proxy.impl.ClientToProxyConnection] (LittleProxy-0-ClientToProxyWorker-5) (AWAITING_INITIAL) [id: 0x1083c5b7, L:/0:0:0:0:0:0:0:1:8081 - R:/0:0:0:0:0:0:0:1:49985]: An IOException occurred on ClientToProxyConnection: An existing connection was forcibly closed by the remote host 
[INFO  2023-11-19T10:34:07,656 org.littleshoot.proxy.impl.ClientToProxyConnection] (LittleProxy-0-ClientToProxyWorker-1) (AWAITING_INITIAL) [id: 0x1b6846f8, L:/0:0:0:0:0:0:0:1:8081 - R:/0:0:0:0:0:0:0:1:50062]: An IOException occurred on ClientToProxyConnection: An existing connection was forcibly closed by the remote host 
[INFO  2023-11-19T10:34:07,656 org.littleshoot.proxy.impl.ClientToProxyConnection] (LittleProxy-0-ClientToProxyWorker-3) (AWAITING_INITIAL) [id: 0x42adaedf, L:/0:0:0:0:0:0:0:1:8081 - R:/0:0:0:0:0:0:0:1:50066]: An IOException occurred on ClientToProxyConnection: An existing connection was forcibly closed by the remote host 
[INFO  2023-11-19T10:34:07,656 org.littleshoot.proxy.impl.ClientToProxyConnection] (LittleProxy-0-ClientToProxyWorker-4) (AWAITING_INITIAL) [id: 0x2c0ddfe9, L:/0:0:0:0:0:0:0:1:8081 - R:/0:0:0:0:0:0:0:1:49984]: An IOException occurred on ClientToProxyConnection: An existing connection was forcibly closed by the remote host 
[INFO  2023-11-19T10:34:07,656 org.littleshoot.proxy.impl.ClientToProxyConnection] (LittleProxy-0-ClientToProxyWorker-7) (AWAITING_INITIAL) [id: 0xff016652, L:/0:0:0:0:0:0:0:1:8081 - R:/0:0:0:0:0:0:0:1:49998]: An IOException occurred on ClientToProxyConnection: An existing connection was forcibly closed by the remote host 
[INFO  2023-11-19T10:34:07,656 org.littleshoot.proxy.impl.ClientToProxyConnection] (LittleProxy-0-ClientToProxyWorker-2) (AWAITING_INITIAL) [id: 0x1dae10e2, L:/0:0:0:0:0:0:0:1:8081 - R:/0:0:0:0:0:0:0:1:50064]: An IOException occurred on ClientToProxyConnection: An existing connection was forcibly closed by the remote host 
[INFO  2023-11-19T10:34:07,656 org.littleshoot.proxy.impl.ClientToProxyConnection] (LittleProxy-0-ClientToProxyWorker-0) (AWAITING_INITIAL) [id: 0x11fed10e, L:/0:0:0:0:0:0:0:1:8081 - R:/0:0:0:0:0:0:0:1:49999]: An IOException occurred on ClientToProxyConnection: An existing connection was forcibly closed by the remote host 
[INFO  2023-11-19T10:34:07,656 org.littleshoot.proxy.impl.ClientToProxyConnection] (LittleProxy-0-ClientToProxyWorker-6) (AWAITING_INITIAL) [id: 0x7d9864b8, L:/0:0:0:0:0:0:0:1:8081 - R:/0:0:0:0:0:0:0:1:49996]: An IOException occurred on ClientToProxyConnection: An existing connection was forcibly closed by the remote host 
[INFO  2023-11-19T10:34:07,657 org.littleshoot.proxy.impl.ClientToProxyConnection] (LittleProxy-0-ClientToProxyWorker-5) (AWAITING_INITIAL) [id: 0x65cab616, L:/0:0:0:0:0:0:0:1:8081 - R:/0:0:0:0:0:0:0:1:49975]: An IOException occurred on ClientToProxyConnection: An existing connection was forcibly closed by the remote host 
[INFO  2023-11-19T10:34:07,657 org.littleshoot.proxy.impl.ClientToProxyConnection] (LittleProxy-0-ClientToProxyWorker-6) (AWAITING_INITIAL) [id: 0x50979e6a, L:/0:0:0:0:0:0:0:1:8081 - R:/0:0:0:0:0:0:0:1:49977]: An IOException occurred on ClientToProxyConnection: An existing connection was forcibly closed by the remote host 
[INFO  2023-11-19T10:34:07,657 org.littleshoot.proxy.impl.ClientToProxyConnection] (LittleProxy-0-ClientToProxyWorker-1) (AWAITING_INITIAL) [id: 0x49619ad6, L:/0:0:0:0:0:0:0:1:8081 - R:/0:0:0:0:0:0:0:1:49981]: An IOException occurred on ClientToProxyConnection: An existing connection was forcibly closed by the remote host 
[INFO  2023-11-19T10:34:07,657 org.littleshoot.proxy.impl.ClientToProxyConnection] (LittleProxy-0-ClientToProxyWorker-4) (AWAITING_INITIAL) [id: 0x56151771, L:/0:0:0:0:0:0:0:1:8081 - R:/0:0:0:0:0:0:0:1:49974]: An IOException occurred on ClientToProxyConnection: An existing connection was forcibly closed by the remote host 
[INFO  2023-11-19T10:34:07,657 org.littleshoot.proxy.impl.ClientToProxyConnection] (LittleProxy-0-ClientToProxyWorker-3) (AWAITING_INITIAL) [id: 0xd7534a52, L:/0:0:0:0:0:0:0:1:8081 - R:/0:0:0:0:0:0:0:1:49973]: An IOException occurred on ClientToProxyConnection: An existing connection was forcibly closed by the remote host 
[INFO  2023-11-19T10:34:07,657 org.littleshoot.proxy.impl.ClientToProxyConnection] (LittleProxy-0-ClientToProxyWorker-2) (AWAITING_INITIAL) [id: 0x9d093cff, L:/0:0:0:0:0:0:0:1:8081 - R:/0:0:0:0:0:0:0:1:49972]: An IOException occurred on ClientToProxyConnection: An existing connection was forcibly closed by the remote host 
[INFO  2023-11-19T10:34:07,657 org.littleshoot.proxy.impl.ClientToProxyConnection] (LittleProxy-0-ClientToProxyWorker-7) (AWAITING_INITIAL) [id: 0x97517943, L:/0:0:0:0:0:0:0:1:8081 - R:/0:0:0:0:0:0:0:1:49979]: An IOException occurred on ClientToProxyConnection: An existing connection was forcibly closed by the remote host 
[INFO  2023-11-19T10:34:07,657 org.littleshoot.proxy.impl.ClientToProxyConnection] (LittleProxy-0-ClientToProxyWorker-0) (AWAITING_INITIAL) [id: 0x127d9dab, L:/0:0:0:0:0:0:0:1:8081 - R:/0:0:0:0:0:0:0:1:49980]: An IOException occurred on ClientToProxyConnection: An existing connection was forcibly closed by the remote host 
[INFO  2023-11-19T10:34:07,657 org.littleshoot.proxy.impl.ClientToProxyConnection] (LittleProxy-0-ClientToProxyWorker-3) (AWAITING_INITIAL) [id: 0x01e68fa4, L:/0:0:0:0:0:0:0:1:8081 - R:/0:0:0:0:0:0:0:1:49983]: An IOException occurred on ClientToProxyConnection: An existing connection was forcibly closed by the remote host 
[INFO  2023-11-19T10:34:07,658 org.littleshoot.proxy.impl.ClientToProxyConnection] (LittleProxy-0-ClientToProxyWorker-2) (AWAITING_INITIAL) [id: 0x3d2992fc, L:/0:0:0:0:0:0:0:1:8081 - R:/0:0:0:0:0:0:0:1:49982]: An IOException occurred on ClientToProxyConnection: An existing connection was forcibly closed by the remote host 
